2011-Sep-30 02:06:03 [DEBUG,[main] Installer] Starting Modpack Installer
2011-Sep-30 02:06:03 [DEBUG,[main] Installer] Current OS: Windows
2011-Sep-30 02:09:06 [ERROR,[SwingWorker-pool-2-thread-4] InstallScript] Installation error
java.lang.SecurityException: SHA1 digest error for bb.class
	at sun.security.util.ManifestEntryVerifier.verify(Unknown Source)
	at java.util.jar.JarVerifier.processEntry(Unknown Source)
	at java.util.jar.JarVerifier.update(Unknown Source)
	at java.util.jar.JarVerifier$VerifierStream.read(Unknown Source)
	at java.io.InputStream.read(Unknown Source)
	at mc.now.util.InstallScript.unpackMCJar(InstallScript.java:97)
	at mc.now.util.InstallScript.guiInstall(InstallScript.java:189)
	at mc.now.ui.Installer$1.doInBackground(Installer.java:293)
	at javax.swing.SwingWorker$1.call(Unknown Source)
	at java.util.concurrent.FutureTask$Sync.innerRun(Unknown Source)
	at java.util.concurrent.FutureTask.run(Unknown Source)
	at javax.swing.SwingWorker.run(Unknown Source)
	at java.util.concurrent.ThreadPoolExecutor.runWorker(Unknown Source)
	at java.util.concurrent.ThreadPoolExecutor$Worker.run(Unknown Source)
	at java.lang.Thread.run(Unknown Source)
2011-Sep-30 02:09:06 [ERROR,[SwingWorker-pool-2-thread-4] InstallScript] Install Error
java.io.IOException: Unable to delete file: E:\Working Dir\Minecraft\Technic\Raw Yog\675e1686\bb.class
	at org.apache.commons.io.FileUtils.forceDelete(FileUtils.java:1247)
	at org.apache.commons.io.FileUtils.cleanDirectory(FileUtils.java:903)
	at org.apache.commons.io.FileUtils.deleteDirectory(FileUtils.java:869)
	at mc.now.util.InstallScript.guiInstall(InstallScript.java:231)
	at mc.now.ui.Installer$1.doInBackground(Installer.java:293)
	at javax.swing.SwingWorker$1.call(Unknown Source)
	at java.util.concurrent.FutureTask$Sync.innerRun(Unknown Source)
	at java.util.concurrent.FutureTask.run(Unknown Source)
	at javax.swing.SwingWorker.run(Unknown Source)
	at java.util.concurrent.ThreadPoolExecutor.runWorker(Unknown Source)
	at java.util.concurrent.ThreadPoolExecutor$Worker.run(Unknown Source)
	at java.lang.Thread.run(Unknown Source)
2011-Sep-30 02:10:22 [DEBUG,[main] Installer] Starting Modpack Installer
2011-Sep-30 02:10:22 [DEBUG,[main] Installer] Current OS: Windows
2011-Sep-30 02:15:02 [DEBUG,[main] Installer] Starting Modpack Installer
2011-Sep-30 02:15:02 [DEBUG,[main] Installer] Current OS: Windows
2011-Sep-30 02:15:51 [DEBUG,[main] Installer] Starting Modpack Installer
2011-Sep-30 02:15:51 [DEBUG,[main] Installer] Current OS: Windows
